<?xml version="1.0" encoding="UTF-8"?>
<!-- Generated by org.testng.reporters.JUnitReportReporter -->
<testsuite hostname="3c22fbce4ce3.ant.amazon.com" failures="0" tests="1" name="tests.Tests" time="79.849" errors="0" timestamp="1 Oct 2021 22:35:07 GMT">
  <testcase classname="tests.Tests" name="checkIfComputerCountMatchesTheNumberOfEntriesInTheTable" time="79.849"/>
</testsuite> <!-- tests.Tests -->
